d:\mvsprojects\_vanilla_cpp\injector\debug\vc140.pdb
d:\mvsprojects\_vanilla_cpp\injector\debug\vc140.idb
d:\mvsprojects\_vanilla_cpp\injector\debug\main.obj
d:\mvsprojects\luacommands_vanilla\injector\debug\vc140.pdb
d:\mvsprojects\luacommands_vanilla\injector\debug\vc140.idb
d:\mvsprojects\luacommands_vanilla\injector\debug\main.obj
d:\mvsprojects\luacommands_tbc_copy\injector\debug\vc140.pdb
d:\mvsprojects\luacommands_tbc_copy\injector\debug\vc140.idb
d:\mvsprojects\luacommands_tbc_copy\injector\debug\main.obj
d:\mvsprojects\luacommands_tbc_copy\injector\debug\vc141.pdb
d:\mvsprojects\luacommands_tbc_copy\injector\debug\vc141.idb
d:\mvsprojects\tbc_login_test\injector\debug\vc141.pdb
d:\mvsprojects\tbc_login_test\injector\debug\vc141.idb
d:\mvsprojects\tbc_login_test\injector\debug\main.obj
d:\mvsprojects\_vanilla_cpp\debug\injector.ilk
d:\mvsprojects\_vanilla_cpp\debug\injector.exe
d:\mvsprojects\_vanilla_cpp\debug\injector.pdb
d:\mvsprojects\luacommands_vanilla\debug\injector.ilk
d:\mvsprojects\luacommands_vanilla\debug\injector.exe
d:\mvsprojects\luacommands_vanilla\debug\injector.pdb
d:\mvsprojects\luacommands_tbc_copy\debug\injector.ilk
d:\mvsprojects\luacommands_tbc_copy\debug\injector.exe
d:\mvsprojects\luacommands_tbc_copy\debug\injector.pdb
d:\mvsprojects\tbc_login_test\debug\injector.ilk
d:\mvsprojects\tbc_login_test\debug\injector.exe
d:\mvsprojects\tbc_login_test\debug\injector.pdb
d:\mvsprojects\tbc_login_test\injector\debug\vc140.idb
d:\mvsprojects\tbc_login_test\injector\debug\vc140.pdb
d:\mvsprojects\tbc_login_test\injector\debug\injector.tlog\cl.command.1.tlog
d:\mvsprojects\tbc_login_test\injector\debug\injector.tlog\cl.read.1.tlog
d:\mvsprojects\tbc_login_test\injector\debug\injector.tlog\cl.write.1.tlog
d:\mvsprojects\tbc_login_test\injector\debug\injector.tlog\link.command.1.tlog
d:\mvsprojects\tbc_login_test\injector\debug\injector.tlog\link.read.1.tlog
d:\mvsprojects\tbc_login_test\injector\debug\injector.tlog\link.write.1.tlog
