  main.cpp
  
  Starting pass 1
  Processed /DEFAULTLIB:msvcprtd
  Processed /DEFAULTLIB:uuid.lib
  Processed /DEFAULTLIB:Shlwapi.lib
  Processed /DEFAULTLIB:MSVCRTD
  Processed /DEFAULTLIB:OLDNAMES
  
  Searching libraries
      Searching C:\Program Files (x86)\Windows Kits\10\lib\10.0.14393.0\um\x86\kernel32.lib:
        Found __imp__CloseHandle@4
          Referenced in main.obj
          Loaded kernel32.lib(KERNEL32.dll)
        Found __imp__WaitForSingleObject@8
          Referenced in main.obj
          Loaded kernel32.lib(KERNEL32.dll)
        Found __imp__GetCurrentProcess@0
          Referenced in main.obj
          Loaded kernel32.lib(KERNEL32.dll)
        Found __imp__CreateRemoteThread@28
          Referenced in main.obj
          Loaded kernel32.lib(KERNEL32.dll)
        Found __imp__GetExitCodeThread@8
          Referenced in main.obj
          Loaded kernel32.lib(KERNEL32.dll)
        Found __imp__CreateProcessA@40
          Referenced in main.obj
          Loaded kernel32.lib(KERNEL32.dll)
        Found __imp__OpenProcess@12
          Referenced in main.obj
          Loaded kernel32.lib(KERNEL32.dll)
        Found __imp__VirtualAllocEx@20
          Referenced in main.obj
          Loaded kernel32.lib(KERNEL32.dll)
        Found __imp__VirtualFreeEx@16
          Referenced in main.obj
          Loaded kernel32.lib(KERNEL32.dll)
        Found __imp__WriteProcessMemory@20
          Referenced in main.obj
          Loaded kernel32.lib(KERNEL32.dll)
        Found __imp__GetModuleFileNameA@12
          Referenced in main.obj
          Loaded kernel32.lib(KERNEL32.dll)
        Found __imp__GetModuleHandleA@4
          Referenced in main.obj
          Loaded kernel32.lib(KERNEL32.dll)
        Found __imp__GetProcAddress@8
          Referenced in main.obj
          Loaded kernel32.lib(KERNEL32.dll)
        Found __IMPORT_DESCRIPTOR_KERNEL32
          Referenced in kernel32.lib(KERNEL32.dll)
          Referenced in kernel32.lib(KERNEL32.dll)
          Referenced in kernel32.lib(KERNEL32.dll)
          Referenced in kernel32.lib(KERNEL32.dll)
          Referenced in kernel32.lib(KERNEL32.dll)
          Referenced in kernel32.lib(KERNEL32.dll)
          Referenced in kernel32.lib(KERNEL32.dll)
          Referenced in kernel32.lib(KERNEL32.dll)
          Referenced in kernel32.lib(KERNEL32.dll)
          Referenced in kernel32.lib(KERNEL32.dll)
          Referenced in kernel32.lib(KERNEL32.dll)
          Referenced in kernel32.lib(KERNEL32.dll)
          Referenced in kernel32.lib(KERNEL32.dll)
          Loaded kernel32.lib(KERNEL32.dll)
        Found __NULL_IMPORT_DESCRIPTOR
          Referenced in kernel32.lib(KERNEL32.dll)
          Loaded kernel32.lib(KERNEL32.dll)
        Found KERNEL32_NULL_THUNK_DATA
          Referenced in kernel32.lib(KERNEL32.dll)
          Loaded kernel32.lib(KERNEL32.dll)
      Searching C:\Program Files (x86)\Windows Kits\10\lib\10.0.14393.0\um\x86\user32.lib:
        Found __imp__MessageBoxA@16
          Referenced in main.obj
          Loaded user32.lib(USER32.dll)
        Found __imp__FindWindowW@8
          Referenced in main.obj
          Loaded user32.lib(USER32.dll)
        Found __imp__GetWindowThreadProcessId@8
          Referenced in main.obj
          Loaded user32.lib(USER32.dll)
        Found __IMPORT_DESCRIPTOR_USER32
          Referenced in user32.lib(USER32.dll)
          Referenced in user32.lib(USER32.dll)
          Referenced in user32.lib(USER32.dll)
          Loaded user32.lib(USER32.dll)
        Found USER32_NULL_THUNK_DATA
          Referenced in user32.lib(USER32.dll)
          Loaded user32.lib(USER32.dll)
      Searching C:\Program Files (x86)\Windows Kits\10\lib\10.0.14393.0\um\x86\gdi32.lib:
      Searching C:\Program Files (x86)\Windows Kits\10\lib\10.0.14393.0\um\x86\winspool.lib:
      Searching C:\Program Files (x86)\Windows Kits\10\lib\10.0.14393.0\um\x86\comdlg32.lib:
      Searching C:\Program Files (x86)\Windows Kits\10\lib\10.0.14393.0\um\x86\advapi32.lib:
        Found __imp__OpenProcessToken@12
          Referenced in main.obj
          Loaded advapi32.lib(ADVAPI32.dll)
        Found __imp__AdjustTokenPrivileges@24
          Referenced in main.obj
          Loaded advapi32.lib(ADVAPI32.dll)
        Found __imp__LookupPrivilegeValueA@12
          Referenced in main.obj
          Loaded advapi32.lib(ADVAPI32.dll)
        Found __IMPORT_DESCRIPTOR_ADVAPI32
          Referenced in advapi32.lib(ADVAPI32.dll)
          Referenced in advapi32.lib(ADVAPI32.dll)
          Referenced in advapi32.lib(ADVAPI32.dll)
          Loaded advapi32.lib(ADVAPI32.dll)
        Found ADVAPI32_NULL_THUNK_DATA
          Referenced in advapi32.lib(ADVAPI32.dll)
          Loaded advapi32.lib(ADVAPI32.dll)
      Searching C:\Program Files (x86)\Windows Kits\10\lib\10.0.14393.0\um\x86\shell32.lib:
      Searching C:\Program Files (x86)\Windows Kits\10\lib\10.0.14393.0\um\x86\ole32.lib:
      Searching C:\Program Files (x86)\Windows Kits\10\lib\10.0.14393.0\um\x86\oleaut32.lib:
      Searching C:\Program Files (x86)\Windows Kits\10\lib\10.0.14393.0\um\x86\uuid.lib:
      Searching C:\Program Files (x86)\Windows Kits\10\lib\10.0.14393.0\um\x86\odbc32.lib:
      Searching C:\Program Files (x86)\Windows Kits\10\lib\10.0.14393.0\um\x86\odbccp32.lib:
      Searching C:\Program Files (x86)\Microsoft Visual Studio\2017\Enterprise\VC\Tools\MSVC\14.10.25017\lib\x86\msvcprtd.lib:
      Searching C:\Program Files (x86)\Windows Kits\10\lib\10.0.14393.0\um\x86\Shlwapi.lib:
      Searching C:\Program Files (x86)\Microsoft Visual Studio\2017\Enterprise\VC\Tools\MSVC\14.10.25017\lib\x86\MSVCRTD.lib:
        Found @_RTC_CheckStackVars@8
          Referenced in main.obj
          Loaded MSVCRTD.lib(_stack_.obj)
        Found @__security_check_cookie@4
          Referenced in main.obj
          Loaded MSVCRTD.lib(_secchk_.obj)
        Found __RTC_InitBase
          Referenced in main.obj
          Loaded MSVCRTD.lib(_init_.obj)
        Found ___security_cookie
          Referenced in main.obj
          Referenced in MSVCRTD.lib(_secchk_.obj)
          Loaded MSVCRTD.lib(gs_cookie.obj)
        Found _WinMainCRTStartup
          Loaded MSVCRTD.lib(exe_winmain.obj)
        Found "void __cdecl _RTC_Failure(void *,int)" (?_RTC_Failure@@YAXPAXH@Z)
          Referenced in MSVCRTD.lib(_stack_.obj)
          Loaded MSVCRTD.lib(_error_.obj)
        Found ___report_gsfailure
          Referenced in MSVCRTD.lib(_secchk_.obj)
          Loaded MSVCRTD.lib(gs_report.obj)
        Found __RTC_SetErrorFuncW
          Referenced in MSVCRTD.lib(_init_.obj)
          Loaded MSVCRTD.lib(_userapi_.obj)
        Found _atexit
          Referenced in MSVCRTD.lib(exe_winmain.obj)
          Loaded MSVCRTD.lib(utility.obj)
        Found ___security_init_cookie
          Referenced in MSVCRTD.lib(exe_winmain.obj)
          Loaded MSVCRTD.lib(gs_support.obj)
        Found __matherr
          Referenced in MSVCRTD.lib(exe_winmain.obj)
          Loaded MSVCRTD.lib(matherr.obj)
        Found __get_startup_argv_mode
          Referenced in MSVCRTD.lib(exe_winmain.obj)
          Referenced in MSVCRTD.lib(utility.obj)
          Loaded MSVCRTD.lib(argv_mode.obj)
        Found __get_startup_commit_mode
          Referenced in MSVCRTD.lib(exe_winmain.obj)
          Loaded MSVCRTD.lib(commit_mode.obj)
        Found __get_startup_file_mode
          Referenced in MSVCRTD.lib(exe_winmain.obj)
          Loaded MSVCRTD.lib(file_mode.obj)
        Found __get_startup_new_mode
          Referenced in MSVCRTD.lib(exe_winmain.obj)
          Loaded MSVCRTD.lib(new_mode.obj)
        Found __get_startup_thread_locale_mode
          Referenced in MSVCRTD.lib(exe_winmain.obj)
          Loaded MSVCRTD.lib(thread_locale.obj)
        Found "void __cdecl __scrt_initialize_type_info(void)" (?__scrt_initialize_type_info@@YAXXZ)
          Referenced in MSVCRTD.lib(exe_winmain.obj)
          Loaded MSVCRTD.lib(tncleanup.obj)
        Found __should_initialize_environment
          Referenced in MSVCRTD.lib(exe_winmain.obj)
          Loaded MSVCRTD.lib(env_mode.obj)
        Found __initialize_default_precision
          Referenced in MSVCRTD.lib(exe_winmain.obj)
          Loaded MSVCRTD.lib(default_precision.obj)
        Found __initialize_invalid_parameter_handler
          Referenced in MSVCRTD.lib(exe_winmain.obj)
          Loaded MSVCRTD.lib(invalid_parameter_handler.obj)
        Found __initialize_denormal_control
          Referenced in MSVCRTD.lib(exe_winmain.obj)
          Loaded MSVCRTD.lib(denormal_control.obj)
        Found ___scrt_initialize_default_local_stdio_options
          Referenced in MSVCRTD.lib(exe_winmain.obj)
          Loaded MSVCRTD.lib(default_local_stdio_options.obj)
        Found ___scrt_is_user_matherr_present
          Referenced in MSVCRTD.lib(exe_winmain.obj)
          Loaded MSVCRTD.lib(matherr_detection.obj)
        Found ___scrt_get_dyn_tls_init_callback
          Referenced in MSVCRTD.lib(exe_winmain.obj)
          Loaded MSVCRTD.lib(dyn_tls_init.obj)
        Found ___scrt_get_dyn_tls_dtor_callback
          Referenced in MSVCRTD.lib(exe_winmain.obj)
          Loaded MSVCRTD.lib(dyn_tls_dtor.obj)
        Found ___scrt_get_show_window_mode
          Referenced in MSVCRTD.lib(exe_winmain.obj)
          Loaded MSVCRTD.lib(utility_desktop.obj)
        Found __RTC_Initialize
          Referenced in MSVCRTD.lib(exe_winmain.obj)
          Loaded MSVCRTD.lib(_initsect_.obj)
        Found @_guard_check_icall@4
          Referenced in MSVCRTD.lib(exe_winmain.obj)
          Referenced in MSVCRTD.lib(_error_.obj)
          Referenced in MSVCRTD.lib(utility.obj)
          Referenced in MSVCRTD.lib(_initsect_.obj)
          Loaded MSVCRTD.lib(checkcfg.obj)
        Found __except_handler4
          Referenced in MSVCRTD.lib(exe_winmain.obj)
          Referenced in MSVCRTD.lib(_error_.obj)
          Referenced in MSVCRTD.lib(utility.obj)
          Loaded MSVCRTD.lib(_chandler4gs_.obj)
        Found ___xi_a
          Referenced in MSVCRTD.lib(exe_winmain.obj)
          Loaded MSVCRTD.lib(initializers.obj)
  Processed /DEFAULTLIB:kernel32.lib
   Processed /DISALLOWLIB:msvcrt.lib
   Processed /DISALLOWLIB:libcmt.lib
   Processed /DISALLOWLIB:libcmtd.lib
   Processed /DISALLOWLIB:vcruntime.lib
  Processed /DEFAULTLIB:vcruntimed.lib
   Processed /DISALLOWLIB:libvcruntime.lib
   Processed /DISALLOWLIB:libvcruntimed.lib
   Processed /DISALLOWLIB:ucrt.lib
  Processed /DEFAULTLIB:ucrtd.lib
   Processed /DISALLOWLIB:libucrt.lib
   Processed /DISALLOWLIB:libucrtd.lib
        Found "int __cdecl _RTC_GetSrcLine(unsigned char *,wchar_t *,unsigned long,int *,wchar_t *,unsigned long)" (?_RTC_GetSrcLine@@YAHPAEPA_WKPAH1K@Z)
          Referenced in MSVCRTD.lib(_error_.obj)
          Loaded MSVCRTD.lib(_pdblkup_.obj)
        Found ___isa_available_init
          Referenced in MSVCRTD.lib(utility.obj)
          Loaded MSVCRTD.lib(_cpu_disp_.obj)
        Found ___scrt_is_ucrt_dll_in_use
          Referenced in MSVCRTD.lib(utility.obj)
          Loaded MSVCRTD.lib(ucrt_detection.obj)
        Found ___guard_check_icall_fptr
          Referenced in MSVCRTD.lib(checkcfg.obj)
          Loaded MSVCRTD.lib(guard_support.obj)
      Searching C:\Program Files (x86)\Microsoft Visual Studio\2017\Enterprise\VC\Tools\MSVC\14.10.25017\lib\x86\OLDNAMES.lib:
      Searching C:\Program Files (x86)\Microsoft Visual Studio\2017\Enterprise\VC\Tools\MSVC\14.10.25017\lib\x86\vcruntimed.lib:
        Found _memset
          Referenced in main.obj
          Referenced in MSVCRTD.lib(utility_desktop.obj)
          Loaded vcruntimed.lib(VCRUNTIME140D.dll)
        Found __imp__strrchr
          Referenced in main.obj
          Loaded vcruntimed.lib(VCRUNTIME140D.dll)
        Found ___std_type_info_destroy_list
          Referenced in MSVCRTD.lib(tncleanup.obj)
          Loaded vcruntimed.lib(VCRUNTIME140D.dll)
        Found __except_handler4_common
          Referenced in MSVCRTD.lib(_chandler4gs_.obj)
          Loaded vcruntimed.lib(VCRUNTIME140D.dll)
        Found ___vcrt_GetModuleFileNameW
          Referenced in MSVCRTD.lib(_pdblkup_.obj)
          Loaded vcruntimed.lib(VCRUNTIME140D.dll)
        Found ___vcrt_GetModuleHandleW
          Referenced in MSVCRTD.lib(_pdblkup_.obj)
          Loaded vcruntimed.lib(VCRUNTIME140D.dll)
        Found ___vcrt_LoadLibraryExW
          Referenced in MSVCRTD.lib(_pdblkup_.obj)
          Loaded vcruntimed.lib(VCRUNTIME140D.dll)
        Found __IMPORT_DESCRIPTOR_VCRUNTIME140D
          Referenced in vcruntimed.lib(VCRUNTIME140D.dll)
          Referenced in vcruntimed.lib(VCRUNTIME140D.dll)
          Referenced in vcruntimed.lib(VCRUNTIME140D.dll)
          Referenced in vcruntimed.lib(VCRUNTIME140D.dll)
          Referenced in vcruntimed.lib(VCRUNTIME140D.dll)
          Referenced in vcruntimed.lib(VCRUNTIME140D.dll)
          Referenced in vcruntimed.lib(VCRUNTIME140D.dll)
          Loaded vcruntimed.lib(VCRUNTIME140D.dll)
        Found VCRUNTIME140D_NULL_THUNK_DATA
          Referenced in vcruntimed.lib(VCRUNTIME140D.dll)
          Loaded vcruntimed.lib(VCRUNTIME140D.dll)
      Searching C:\Program Files (x86)\Windows Kits\10\lib\10.0.14393.0\ucrt\x86\ucrtd.lib:
        Found __imp__strcpy_s
          Referenced in main.obj
          Loaded ucrtd.lib(ucrtbased.dll)
        Found _strlen
          Referenced in main.obj
          Loaded ucrtd.lib(ucrtbased.dll)
        Found __CrtDbgReport
          Referenced in MSVCRTD.lib(_init_.obj)
          Loaded ucrtd.lib(ucrtbased.dll)
        Found __CrtDbgReportW
          Referenced in MSVCRTD.lib(_init_.obj)
          Loaded ucrtd.lib(ucrtbased.dll)
        Found __seh_filter_exe
          Referenced in MSVCRTD.lib(exe_winmain.obj)
          Loaded ucrtd.lib(ucrtbased.dll)
        Found __set_app_type
          Referenced in MSVCRTD.lib(exe_winmain.obj)
          Loaded ucrtd.lib(ucrtbased.dll)
        Found ___setusermatherr
          Referenced in MSVCRTD.lib(exe_winmain.obj)
          Loaded ucrtd.lib(ucrtbased.dll)
        Found __configure_narrow_argv
          Referenced in MSVCRTD.lib(exe_winmain.obj)
          Referenced in MSVCRTD.lib(utility.obj)
          Loaded ucrtd.lib(ucrtbased.dll)
        Found __initialize_narrow_environment
          Referenced in MSVCRTD.lib(exe_winmain.obj)
          Referenced in MSVCRTD.lib(utility.obj)
          Loaded ucrtd.lib(ucrtbased.dll)
        Found __get_narrow_winmain_command_line
          Referenced in MSVCRTD.lib(exe_winmain.obj)
          Loaded ucrtd.lib(ucrtbased.dll)
        Found __initterm
          Referenced in MSVCRTD.lib(exe_winmain.obj)
          Loaded ucrtd.lib(ucrtbased.dll)
        Found __initterm_e
          Referenced in MSVCRTD.lib(exe_winmain.obj)
          Loaded ucrtd.lib(ucrtbased.dll)
        Found _exit
          Referenced in MSVCRTD.lib(exe_winmain.obj)
          Loaded ucrtd.lib(ucrtbased.dll)
        Found __exit
          Referenced in MSVCRTD.lib(exe_winmain.obj)
          Loaded ucrtd.lib(ucrtbased.dll)
        Found __set_fmode
          Referenced in MSVCRTD.lib(exe_winmain.obj)
          Loaded ucrtd.lib(ucrtbased.dll)
        Found __cexit
          Referenced in MSVCRTD.lib(exe_winmain.obj)
          Referenced in MSVCRTD.lib(utility.obj)
          Loaded ucrtd.lib(ucrtbased.dll)
        Found __c_exit
          Referenced in MSVCRTD.lib(exe_winmain.obj)
          Loaded ucrtd.lib(ucrtbased.dll)
        Found __register_thread_local_exe_atexit_callback
          Referenced in MSVCRTD.lib(exe_winmain.obj)
          Loaded ucrtd.lib(ucrtbased.dll)
        Found __configthreadlocale
          Referenced in MSVCRTD.lib(exe_winmain.obj)
          Loaded ucrtd.lib(ucrtbased.dll)
        Found __set_new_mode
          Referenced in MSVCRTD.lib(exe_winmain.obj)
          Loaded ucrtd.lib(ucrtbased.dll)
        Found ___p__commode
          Referenced in MSVCRTD.lib(exe_winmain.obj)
          Loaded ucrtd.lib(ucrtbased.dll)
        Found _strcat_s
          Referenced in MSVCRTD.lib(_error_.obj)
          Loaded ucrtd.lib(ucrtbased.dll)
        Found ___stdio_common_vsprintf_s
          Referenced in MSVCRTD.lib(_error_.obj)
          Loaded ucrtd.lib(ucrtbased.dll)
        Found __seh_filter_dll
          Referenced in MSVCRTD.lib(utility.obj)
          Loaded ucrtd.lib(ucrtbased.dll)
        Found __initialize_onexit_table
          Referenced in MSVCRTD.lib(utility.obj)
          Loaded ucrtd.lib(ucrtbased.dll)
        Found __register_onexit_function
          Referenced in MSVCRTD.lib(utility.obj)
          Loaded ucrtd.lib(ucrtbased.dll)
        Found __execute_onexit_table
          Referenced in MSVCRTD.lib(utility.obj)
          Loaded ucrtd.lib(ucrtbased.dll)
        Found __crt_atexit
          Referenced in MSVCRTD.lib(utility.obj)
          Loaded ucrtd.lib(ucrtbased.dll)
        Found __crt_at_quick_exit
          Referenced in MSVCRTD.lib(utility.obj)
          Loaded ucrtd.lib(ucrtbased.dll)
        Found __controlfp_s
          Referenced in MSVCRTD.lib(default_precision.obj)
          Loaded ucrtd.lib(ucrtbased.dll)
        Found _terminate
          Referenced in MSVCRTD.lib(utility_desktop.obj)
          Loaded ucrtd.lib(ucrtbased.dll)
        Found __wmakepath_s
          Referenced in MSVCRTD.lib(_pdblkup_.obj)
          Loaded ucrtd.lib(ucrtbased.dll)
        Found __wsplitpath_s
          Referenced in MSVCRTD.lib(_pdblkup_.obj)
          Loaded ucrtd.lib(ucrtbased.dll)
        Found _wcscpy_s
          Referenced in MSVCRTD.lib(_pdblkup_.obj)
          Loaded ucrtd.lib(ucrtbased.dll)
        Found __IMPORT_DESCRIPTOR_ucrtbased
          Referenced in ucrtd.lib(ucrtbased.dll)
          Referenced in ucrtd.lib(ucrtbased.dll)
          Referenced in ucrtd.lib(ucrtbased.dll)
          Referenced in ucrtd.lib(ucrtbased.dll)
          Referenced in ucrtd.lib(ucrtbased.dll)
          Referenced in ucrtd.lib(ucrtbased.dll)
          Referenced in ucrtd.lib(ucrtbased.dll)
          Referenced in ucrtd.lib(ucrtbased.dll)
          Referenced in ucrtd.lib(ucrtbased.dll)
          Referenced in ucrtd.lib(ucrtbased.dll)
          Referenced in ucrtd.lib(ucrtbased.dll)
          Referenced in ucrtd.lib(ucrtbased.dll)
          Referenced in ucrtd.lib(ucrtbased.dll)
          Referenced in ucrtd.lib(ucrtbased.dll)
          Referenced in ucrtd.lib(ucrtbased.dll)
          Referenced in ucrtd.lib(ucrtbased.dll)
          Referenced in ucrtd.lib(ucrtbased.dll)
          Referenced in ucrtd.lib(ucrtbased.dll)
          Referenced in ucrtd.lib(ucrtbased.dll)
          Referenced in ucrtd.lib(ucrtbased.dll)
          Referenced in ucrtd.lib(ucrtbased.dll)
          Referenced in ucrtd.lib(ucrtbased.dll)
          Referenced in ucrtd.lib(ucrtbased.dll)
          Referenced in ucrtd.lib(ucrtbased.dll)
          Referenced in ucrtd.lib(ucrtbased.dll)
          Referenced in ucrtd.lib(ucrtbased.dll)
          Referenced in ucrtd.lib(ucrtbased.dll)
          Referenced in ucrtd.lib(ucrtbased.dll)
          Referenced in ucrtd.lib(ucrtbased.dll)
          Referenced in ucrtd.lib(ucrtbased.dll)
          Referenced in ucrtd.lib(ucrtbased.dll)
          Referenced in ucrtd.lib(ucrtbased.dll)
          Referenced in ucrtd.lib(ucrtbased.dll)
          Referenced in ucrtd.lib(ucrtbased.dll)
          Loaded ucrtd.lib(ucrtbased.dll)
        Found ucrtbased_NULL_THUNK_DATA
          Referenced in ucrtd.lib(ucrtbased.dll)
          Loaded ucrtd.lib(ucrtbased.dll)
      Searching C:\Program Files (x86)\Windows Kits\10\lib\10.0.14393.0\um\x86\kernel32.lib:
        Found __imp__IsDebuggerPresent@0
          Referenced in MSVCRTD.lib(_error_.obj)
          Referenced in MSVCRTD.lib(utility_desktop.obj)
          Loaded kernel32.lib(KERNEL32.dll)
        Found __imp__RaiseException@16
          Referenced in MSVCRTD.lib(_error_.obj)
          Loaded kernel32.lib(KERNEL32.dll)
        Found __imp__MultiByteToWideChar@24
          Referenced in MSVCRTD.lib(_error_.obj)
          Loaded kernel32.lib(KERNEL32.dll)
        Found __imp__WideCharToMultiByte@32
          Referenced in MSVCRTD.lib(_error_.obj)
          Loaded kernel32.lib(KERNEL32.dll)
        Found __imp__UnhandledExceptionFilter@4
          Referenced in MSVCRTD.lib(gs_report.obj)
          Referenced in MSVCRTD.lib(utility_desktop.obj)
          Loaded kernel32.lib(KERNEL32.dll)
        Found __imp__SetUnhandledExceptionFilter@4
          Referenced in MSVCRTD.lib(gs_report.obj)
          Referenced in MSVCRTD.lib(utility_desktop.obj)
          Loaded kernel32.lib(KERNEL32.dll)
        Found __imp__TerminateProcess@8
          Referenced in MSVCRTD.lib(gs_report.obj)
          Loaded kernel32.lib(KERNEL32.dll)
        Found _IsProcessorFeaturePresent@4
          Referenced in MSVCRTD.lib(gs_report.obj)
          Referenced in MSVCRTD.lib(utility_desktop.obj)
          Referenced in MSVCRTD.lib(_cpu_disp_.obj)
          Loaded kernel32.lib(KERNEL32.dll)
        Found __imp__QueryPerformanceCounter@4
          Referenced in MSVCRTD.lib(gs_support.obj)
          Loaded kernel32.lib(KERNEL32.dll)
        Found __imp__GetCurrentProcessId@0
          Referenced in MSVCRTD.lib(gs_support.obj)
          Loaded kernel32.lib(KERNEL32.dll)
        Found __imp__GetCurrentThreadId@0
          Referenced in MSVCRTD.lib(gs_support.obj)
          Loaded kernel32.lib(KERNEL32.dll)
        Found __imp__GetSystemTimeAsFileTime@4
          Referenced in MSVCRTD.lib(gs_support.obj)
          Loaded kernel32.lib(KERNEL32.dll)
        Found __imp__InitializeSListHead@4
          Referenced in MSVCRTD.lib(tncleanup.obj)
          Loaded kernel32.lib(KERNEL32.dll)
        Found __imp__GetStartupInfoW@4
          Referenced in MSVCRTD.lib(utility_desktop.obj)
          Loaded kernel32.lib(KERNEL32.dll)
        Found __imp__GetModuleHandleW@4
          Referenced in MSVCRTD.lib(utility_desktop.obj)
          Loaded kernel32.lib(KERNEL32.dll)
        Found __imp__GetLastError@0
          Referenced in MSVCRTD.lib(_pdblkup_.obj)
          Loaded kernel32.lib(KERNEL32.dll)
        Found __imp__HeapAlloc@12
          Referenced in MSVCRTD.lib(_pdblkup_.obj)
          Loaded kernel32.lib(KERNEL32.dll)
        Found __imp__HeapFree@12
          Referenced in MSVCRTD.lib(_pdblkup_.obj)
          Loaded kernel32.lib(KERNEL32.dll)
        Found __imp__GetProcessHeap@0
          Referenced in MSVCRTD.lib(_pdblkup_.obj)
          Loaded kernel32.lib(KERNEL32.dll)
        Found __imp__VirtualQuery@12
          Referenced in MSVCRTD.lib(_pdblkup_.obj)
          Loaded kernel32.lib(KERNEL32.dll)
        Found __imp__FreeLibrary@4
          Referenced in MSVCRTD.lib(_pdblkup_.obj)
          Loaded kernel32.lib(KERNEL32.dll)
      Searching C:\Program Files (x86)\Windows Kits\10\lib\10.0.14393.0\um\x86\user32.lib:
      Searching C:\Program Files (x86)\Windows Kits\10\lib\10.0.14393.0\um\x86\gdi32.lib:
      Searching C:\Program Files (x86)\Windows Kits\10\lib\10.0.14393.0\um\x86\winspool.lib:
      Searching C:\Program Files (x86)\Windows Kits\10\lib\10.0.14393.0\um\x86\comdlg32.lib:
      Searching C:\Program Files (x86)\Windows Kits\10\lib\10.0.14393.0\um\x86\advapi32.lib:
      Searching C:\Program Files (x86)\Windows Kits\10\lib\10.0.14393.0\um\x86\shell32.lib:
      Searching C:\Program Files (x86)\Windows Kits\10\lib\10.0.14393.0\um\x86\ole32.lib:
      Searching C:\Program Files (x86)\Windows Kits\10\lib\10.0.14393.0\um\x86\oleaut32.lib:
      Searching C:\Program Files (x86)\Windows Kits\10\lib\10.0.14393.0\um\x86\uuid.lib:
      Searching C:\Program Files (x86)\Windows Kits\10\lib\10.0.14393.0\um\x86\odbc32.lib:
      Searching C:\Program Files (x86)\Windows Kits\10\lib\10.0.14393.0\um\x86\odbccp32.lib:
      Searching C:\Program Files (x86)\Microsoft Visual Studio\2017\Enterprise\VC\Tools\MSVC\14.10.25017\lib\x86\msvcprtd.lib:
      Searching C:\Program Files (x86)\Windows Kits\10\lib\10.0.14393.0\um\x86\Shlwapi.lib:
      Searching C:\Program Files (x86)\Microsoft Visual Studio\2017\Enterprise\VC\Tools\MSVC\14.10.25017\lib\x86\MSVCRTD.lib:
      Searching C:\Program Files (x86)\Microsoft Visual Studio\2017\Enterprise\VC\Tools\MSVC\14.10.25017\lib\x86\OLDNAMES.lib:
      Searching C:\Program Files (x86)\Microsoft Visual Studio\2017\Enterprise\VC\Tools\MSVC\14.10.25017\lib\x86\vcruntimed.lib:
  
  Finished searching libraries
  
  Finished pass 1
  
  
  Searching libraries
      Searching C:\Program Files (x86)\Windows Kits\10\lib\10.0.14393.0\um\x86\kernel32.lib:
      Searching C:\Program Files (x86)\Windows Kits\10\lib\10.0.14393.0\um\x86\user32.lib:
      Searching C:\Program Files (x86)\Windows Kits\10\lib\10.0.14393.0\um\x86\gdi32.lib:
      Searching C:\Program Files (x86)\Windows Kits\10\lib\10.0.14393.0\um\x86\winspool.lib:
      Searching C:\Program Files (x86)\Windows Kits\10\lib\10.0.14393.0\um\x86\comdlg32.lib:
      Searching C:\Program Files (x86)\Windows Kits\10\lib\10.0.14393.0\um\x86\advapi32.lib:
      Searching C:\Program Files (x86)\Windows Kits\10\lib\10.0.14393.0\um\x86\shell32.lib:
      Searching C:\Program Files (x86)\Windows Kits\10\lib\10.0.14393.0\um\x86\ole32.lib:
      Searching C:\Program Files (x86)\Windows Kits\10\lib\10.0.14393.0\um\x86\oleaut32.lib:
      Searching C:\Program Files (x86)\Windows Kits\10\lib\10.0.14393.0\um\x86\uuid.lib:
      Searching C:\Program Files (x86)\Windows Kits\10\lib\10.0.14393.0\um\x86\odbc32.lib:
      Searching C:\Program Files (x86)\Windows Kits\10\lib\10.0.14393.0\um\x86\odbccp32.lib:
      Searching C:\Program Files (x86)\Microsoft Visual Studio\2017\Enterprise\VC\Tools\MSVC\14.10.25017\lib\x86\msvcprtd.lib:
      Searching C:\Program Files (x86)\Windows Kits\10\lib\10.0.14393.0\um\x86\Shlwapi.lib:
      Searching C:\Program Files (x86)\Microsoft Visual Studio\2017\Enterprise\VC\Tools\MSVC\14.10.25017\lib\x86\MSVCRTD.lib:
        Found ___scrt_stub_for_acrt_initialize
          Loaded MSVCRTD.lib(ucrt_stubs.obj)
      Searching C:\Program Files (x86)\Microsoft Visual Studio\2017\Enterprise\VC\Tools\MSVC\14.10.25017\lib\x86\OLDNAMES.lib:
      Searching C:\Program Files (x86)\Microsoft Visual Studio\2017\Enterprise\VC\Tools\MSVC\14.10.25017\lib\x86\vcruntimed.lib:
      Searching C:\Program Files (x86)\Windows Kits\10\lib\10.0.14393.0\ucrt\x86\ucrtd.lib:
  
  Finished searching libraries
  Generating non-SAFESEH image.
  
  Searching libraries
      Searching C:\Program Files (x86)\Windows Kits\10\lib\10.0.14393.0\um\x86\kernel32.lib:
      Searching C:\Program Files (x86)\Windows Kits\10\lib\10.0.14393.0\um\x86\user32.lib:
      Searching C:\Program Files (x86)\Windows Kits\10\lib\10.0.14393.0\um\x86\gdi32.lib:
      Searching C:\Program Files (x86)\Windows Kits\10\lib\10.0.14393.0\um\x86\winspool.lib:
      Searching C:\Program Files (x86)\Windows Kits\10\lib\10.0.14393.0\um\x86\comdlg32.lib:
      Searching C:\Program Files (x86)\Windows Kits\10\lib\10.0.14393.0\um\x86\advapi32.lib:
      Searching C:\Program Files (x86)\Windows Kits\10\lib\10.0.14393.0\um\x86\shell32.lib:
      Searching C:\Program Files (x86)\Windows Kits\10\lib\10.0.14393.0\um\x86\ole32.lib:
      Searching C:\Program Files (x86)\Windows Kits\10\lib\10.0.14393.0\um\x86\oleaut32.lib:
      Searching C:\Program Files (x86)\Windows Kits\10\lib\10.0.14393.0\um\x86\uuid.lib:
      Searching C:\Program Files (x86)\Windows Kits\10\lib\10.0.14393.0\um\x86\odbc32.lib:
      Searching C:\Program Files (x86)\Windows Kits\10\lib\10.0.14393.0\um\x86\odbccp32.lib:
      Searching C:\Program Files (x86)\Microsoft Visual Studio\2017\Enterprise\VC\Tools\MSVC\14.10.25017\lib\x86\msvcprtd.lib:
      Searching C:\Program Files (x86)\Windows Kits\10\lib\10.0.14393.0\um\x86\Shlwapi.lib:
      Searching C:\Program Files (x86)\Microsoft Visual Studio\2017\Enterprise\VC\Tools\MSVC\14.10.25017\lib\x86\MSVCRTD.lib:
        Found __load_config_used
          Loaded MSVCRTD.lib(loadcfg.obj)
      Searching C:\Program Files (x86)\Microsoft Visual Studio\2017\Enterprise\VC\Tools\MSVC\14.10.25017\lib\x86\OLDNAMES.lib:
      Searching C:\Program Files (x86)\Microsoft Visual Studio\2017\Enterprise\VC\Tools\MSVC\14.10.25017\lib\x86\vcruntimed.lib:
      Searching C:\Program Files (x86)\Windows Kits\10\lib\10.0.14393.0\ucrt\x86\ucrtd.lib:
  
  Finished searching libraries
  
  Invoking rc.exe:
   /v
   /x
   /fo
   "C:\Users\_user\AppData\Local\Temp\lnk{6DAC49BE-D1BC-463A-B5AF-F9C2A34DD91B}.tmp"
   "C:\Users\_user\AppData\Local\Temp\lnk{8ACD9B5C-E4EF-4AB0-B9E3-9C77F2EBCE2B}.tmp"
  Microsoft (R) Windows (R) Resource Compiler Version 10.0.10011.16384
  
  Copyright (C) Microsoft Corporation.  All rights reserved.
  
  
  Creating C:\Users\_user\AppData\Local\Temp\lnk{6DAC49BE-D1BC-463A-B5AF-F9C2A34DD91B}.tmp
  
  Using codepage 1251 as default
  
  C:\Users\_user\AppData\Local\Temp\lnk{8ACD9B5C-E4EF-4AB0-B9E3-9C77F2EBCE2B}.tmp.
  Writing 24:1,	lang:0x409,	size 381
  
  Invoking cvtres.exe:
   /machine:x86
   /verbose
   /out:"C:\Users\_user\AppData\Local\Temp\lnk{3AE8F04F-EEDB-4748-82C8-C2008894B3DC}.tmp"
   /readonly
   "C:\Users\_user\AppData\Local\Temp\lnk{6DAC49BE-D1BC-463A-B5AF-F9C2A34DD91B}.tmp"
  Microsoft (R) Windows Resource To Object Converter Version 14.10.25019.0
  Copyright (C) Microsoft Corporation.  All rights reserved.
  
  adding resource. type:MANIFEST, name:1, language:0x0409, flags:0x30, size:381
  
  Unused libraries:
    C:\Program Files (x86)\Windows Kits\10\lib\10.0.14393.0\um\x86\gdi32.lib
    C:\Program Files (x86)\Windows Kits\10\lib\10.0.14393.0\um\x86\winspool.lib
    C:\Program Files (x86)\Windows Kits\10\lib\10.0.14393.0\um\x86\comdlg32.lib
    C:\Program Files (x86)\Windows Kits\10\lib\10.0.14393.0\um\x86\shell32.lib
    C:\Program Files (x86)\Windows Kits\10\lib\10.0.14393.0\um\x86\ole32.lib
    C:\Program Files (x86)\Windows Kits\10\lib\10.0.14393.0\um\x86\oleaut32.lib
    C:\Program Files (x86)\Windows Kits\10\lib\10.0.14393.0\um\x86\uuid.lib
    C:\Program Files (x86)\Windows Kits\10\lib\10.0.14393.0\um\x86\odbc32.lib
    C:\Program Files (x86)\Windows Kits\10\lib\10.0.14393.0\um\x86\odbccp32.lib
    C:\Program Files (x86)\Microsoft Visual Studio\2017\Enterprise\VC\Tools\MSVC\14.10.25017\lib\x86\msvcprtd.lib
    C:\Program Files (x86)\Windows Kits\10\lib\10.0.14393.0\um\x86\Shlwapi.lib
    C:\Program Files (x86)\Microsoft Visual Studio\2017\Enterprise\VC\Tools\MSVC\14.10.25017\lib\x86\OLDNAMES.lib
  
  Starting pass 2
       * linker generated manifest res *
       main.obj
       kernel32.lib(KERNEL32.dll)
       kernel32.lib(KERNEL32.dll)
       kernel32.lib(KERNEL32.dll)
       kernel32.lib(KERNEL32.dll)
       kernel32.lib(KERNEL32.dll)
       kernel32.lib(KERNEL32.dll)
       kernel32.lib(KERNEL32.dll)
       kernel32.lib(KERNEL32.dll)
       kernel32.lib(KERNEL32.dll)
       kernel32.lib(KERNEL32.dll)
       kernel32.lib(KERNEL32.dll)
       kernel32.lib(KERNEL32.dll)
       kernel32.lib(KERNEL32.dll)
       kernel32.lib(KERNEL32.dll)
       kernel32.lib(KERNEL32.dll)
       kernel32.lib(KERNEL32.dll)
       kernel32.lib(KERNEL32.dll)
       kernel32.lib(KERNEL32.dll)
       kernel32.lib(KERNEL32.dll)
       kernel32.lib(KERNEL32.dll)
       kernel32.lib(KERNEL32.dll)
       kernel32.lib(KERNEL32.dll)
       kernel32.lib(KERNEL32.dll)
       kernel32.lib(KERNEL32.dll)
       kernel32.lib(KERNEL32.dll)
       kernel32.lib(KERNEL32.dll)
       kernel32.lib(KERNEL32.dll)
       kernel32.lib(KERNEL32.dll)
       kernel32.lib(KERNEL32.dll)
       kernel32.lib(KERNEL32.dll)
       kernel32.lib(KERNEL32.dll)
       kernel32.lib(KERNEL32.dll)
       kernel32.lib(KERNEL32.dll)
       kernel32.lib(KERNEL32.dll)
       kernel32.lib(KERNEL32.dll)
       kernel32.lib(KERNEL32.dll)
       kernel32.lib(KERNEL32.dll)
       user32.lib(USER32.dll)
       user32.lib(USER32.dll)
       user32.lib(USER32.dll)
       user32.lib(USER32.dll)
       user32.lib(USER32.dll)
       advapi32.lib(ADVAPI32.dll)
       advapi32.lib(ADVAPI32.dll)
       advapi32.lib(ADVAPI32.dll)
       advapi32.lib(ADVAPI32.dll)
       advapi32.lib(ADVAPI32.dll)
       MSVCRTD.lib(_cpu_disp_.obj)
       MSVCRTD.lib(_error_.obj)
       MSVCRTD.lib(_init_.obj)
       MSVCRTD.lib(_initsect_.obj)
       MSVCRTD.lib(_pdblkup_.obj)
       MSVCRTD.lib(_stack_.obj)
       MSVCRTD.lib(_userapi_.obj)
       MSVCRTD.lib(_chandler4gs_.obj)
       MSVCRTD.lib(_secchk_.obj)
       MSVCRTD.lib(gs_cookie.obj)
       MSVCRTD.lib(gs_report.obj)
       MSVCRTD.lib(gs_support.obj)
       MSVCRTD.lib(checkcfg.obj)
       MSVCRTD.lib(guard_support.obj)
       MSVCRTD.lib(loadcfg.obj)
       MSVCRTD.lib(dyn_tls_dtor.obj)
       MSVCRTD.lib(dyn_tls_init.obj)
       MSVCRTD.lib(matherr_detection.obj)
       MSVCRTD.lib(ucrt_detection.obj)
       MSVCRTD.lib(argv_mode.obj)
       MSVCRTD.lib(commit_mode.obj)
       MSVCRTD.lib(default_local_stdio_options.obj)
       MSVCRTD.lib(denormal_control.obj)
       MSVCRTD.lib(env_mode.obj)
       MSVCRTD.lib(file_mode.obj)
       MSVCRTD.lib(invalid_parameter_handler.obj)
       MSVCRTD.lib(matherr.obj)
       MSVCRTD.lib(new_mode.obj)
       MSVCRTD.lib(thread_locale.obj)
       MSVCRTD.lib(tncleanup.obj)
       MSVCRTD.lib(exe_winmain.obj)
       MSVCRTD.lib(initializers.obj)
       MSVCRTD.lib(utility.obj)
       MSVCRTD.lib(ucrt_stubs.obj)
       MSVCRTD.lib(utility_desktop.obj)
       MSVCRTD.lib(default_precision.obj)
       vcruntimed.lib(VCRUNTIME140D.dll)
       vcruntimed.lib(VCRUNTIME140D.dll)
       vcruntimed.lib(VCRUNTIME140D.dll)
       vcruntimed.lib(VCRUNTIME140D.dll)
       vcruntimed.lib(VCRUNTIME140D.dll)
       vcruntimed.lib(VCRUNTIME140D.dll)
       vcruntimed.lib(VCRUNTIME140D.dll)
       vcruntimed.lib(VCRUNTIME140D.dll)
       vcruntimed.lib(VCRUNTIME140D.dll)
       ucrtd.lib(ucrtbased.dll)
       ucrtd.lib(ucrtbased.dll)
       ucrtd.lib(ucrtbased.dll)
       ucrtd.lib(ucrtbased.dll)
       ucrtd.lib(ucrtbased.dll)
       ucrtd.lib(ucrtbased.dll)
       ucrtd.lib(ucrtbased.dll)
       ucrtd.lib(ucrtbased.dll)
       ucrtd.lib(ucrtbased.dll)
       ucrtd.lib(ucrtbased.dll)
       ucrtd.lib(ucrtbased.dll)
       ucrtd.lib(ucrtbased.dll)
       ucrtd.lib(ucrtbased.dll)
       ucrtd.lib(ucrtbased.dll)
       ucrtd.lib(ucrtbased.dll)
       ucrtd.lib(ucrtbased.dll)
       ucrtd.lib(ucrtbased.dll)
       ucrtd.lib(ucrtbased.dll)
       ucrtd.lib(ucrtbased.dll)
       ucrtd.lib(ucrtbased.dll)
       ucrtd.lib(ucrtbased.dll)
       ucrtd.lib(ucrtbased.dll)
       ucrtd.lib(ucrtbased.dll)
       ucrtd.lib(ucrtbased.dll)
       ucrtd.lib(ucrtbased.dll)
       ucrtd.lib(ucrtbased.dll)
       ucrtd.lib(ucrtbased.dll)
       ucrtd.lib(ucrtbased.dll)
       ucrtd.lib(ucrtbased.dll)
       ucrtd.lib(ucrtbased.dll)
       ucrtd.lib(ucrtbased.dll)
       ucrtd.lib(ucrtbased.dll)
       ucrtd.lib(ucrtbased.dll)
       ucrtd.lib(ucrtbased.dll)
       ucrtd.lib(ucrtbased.dll)
       ucrtd.lib(ucrtbased.dll)
  Finished pass 2
  Injector.vcxproj -> D:\MVSProjects\DetourExample\Debug\Injector.exe
  Injector.vcxproj -> D:\MVSProjects\DetourExample\Debug\Injector.pdb (Partial PDB)
